# JRE version: OpenJDK Runtime Environment Corretto-11.0.13.8.1 (11.0.13+8) (build 11.0.13+8-LTS)
# Java VM: OpenJDK 64-Bit Server VM Corretto-11.0.13.8.1 (11.0.13+8-LTS, mixed mode, tiered, compressed oops, g1 gc, windows-amd64)
Heap:
 garbage-first heap   total 129024K, used 13302K [0x0000000082000000, 0x0000000100000000)
  region size 1024K, 12 young (12288K), 7 survivors (7168K)
 Metaspace       used 16544K, capacity 16800K, committed 17024K, reserved 1064960K
  class space    used 1546K, capacity 1625K, committed 1664K, reserved 1048576K
GC Heap History (6 events):
Event: 0.880 GC heap before
{Heap before GC invocations=0 (full 0):
 garbage-first heap   total 129024K, used 14336K [0x0000000082000000, 0x0000000100000000)
  region size 1024K, 14 young (14336K), 0 survivors (0K)
 Metaspace       used 12278K, capacity 12513K, committed 12800K, reserved 1060864K
  class space    used 1165K, capacity 1214K, committed 1280K, reserved 1048576K
}
Event: 0.884 GC heap after
{Heap after GC invocations=1 (full 0):
 garbage-first heap   total 129024K, used 2265K [0x0000000082000000, 0x0000000100000000)
  region size 1024K, 2 young (2048K), 2 survivors (2048K)
 Metaspace       used 12278K, capacity 12513K, committed 12800K, reserved 1060864K
  class space    used 1165K, capacity 1214K, committed 1280K, reserved 1048576K
}
Event: 39.592 GC heap before
{Heap before GC invocations=1 (full 0):
 garbage-first heap   total 129024K, used 77017K [0x0000000082000000, 0x0000000100000000)
  region size 1024K, 75 young (76800K), 2 survivors (2048K)
 Metaspace       used 16209K, capacity 16479K, committed 16768K, reserved 1064960K
  class space    used 1546K, capacity 1625K, committed 1664K, reserved 1048576K
}
Event: 39.609 GC heap after
{Heap after GC invocations=2 (full 0):
 garbage-first heap   total 129024K, used 5780K [0x0000000082000000, 0x0000000100000000)
  region size 1024K, 6 young (6144K), 6 survivors (6144K)
 Metaspace       used 16209K, capacity 16479K, committed 16768K, reserved 1064960K
  class space    used 1546K, capacity 1625K, committed 1664K, reserved 1048576K
}
Event: 60.857 GC heap before
{Heap before GC invocations=2 (full 0):
 garbage-first heap   total 129024K, used 76436K [0x0000000082000000, 0x0000000100000000)
  region size 1024K, 75 young (76800K), 6 survivors (6144K)
 Metaspace       used 16540K, capacity 16800K, committed 17024K, reserved 1064960K
  class space    used 1546K, capacity 1625K, committed 1664K, reserved 1048576K
}
Event: 60.871 GC heap after
{Heap after GC invocations=3 (full 0):
 garbage-first heap   total 129024K, used 9206K [0x0000000082000000, 0x0000000100000000)
  region size 1024K, 7 young (7168K), 7 survivors (7168K)
 Metaspace       used 16540K, capacity 16800K, committed 17024K, reserved 1064960K
  class space    used 1546K, capacity 1625K, committed 1664K, reserved 1048576K
}

